<?xml version="1.0" encoding="UTF-8"?>
<testsuite xmlns:xsi="http://www.w3.org/2001/XMLSchema-instance" xsi:noNamespaceSchemaLocation="https://maven.apache.org/surefire/maven-surefire-plugin/xsd/surefire-test-report-3.0.xsd" version="3.0" name="TestSuite" time="402.421" tests="1" errors="0" skipped="0" failures="1">
  <properties>
    <property name="gopherProxySet" value="false"/>
    <property name="awt.toolkit" value="sun.lwawt.macosx.LWCToolkit"/>
    <property name="file.encoding.pkg" value="sun.io"/>
    <property name="java.specification.version" value="1.8"/>
    <property name="sun.cpu.isalist" value=""/>
    <property name="sun.jnu.encoding" value="UTF-8"/>
    <property name="java.class.path" value="/Users/nishant/Desktop/refform/Cucumber_Proj/target/test-classes:/Users/nishant/Desktop/refform/Cucumber_Proj/target/classes:/Users/nishant/.m2/repository/info/cukes/gherkin/2.12.2/gherkin-2.12.2.jar:/Users/nishant/.m2/repository/org/seleniumhq/selenium/selenium-java/3.13.0/selenium-java-3.13.0.jar:/Users/nishant/.m2/repository/org/seleniumhq/selenium/selenium-api/3.13.0/selenium-api-3.13.0.jar:/Users/nishant/.m2/repository/org/seleniumhq/selenium/selenium-chrome-driver/3.13.0/selenium-chrome-driver-3.13.0.jar:/Users/nishant/.m2/repository/org/seleniumhq/selenium/selenium-edge-driver/3.13.0/selenium-edge-driver-3.13.0.jar:/Users/nishant/.m2/repository/org/seleniumhq/selenium/selenium-firefox-driver/3.13.0/selenium-firefox-driver-3.13.0.jar:/Users/nishant/.m2/repository/org/seleniumhq/selenium/selenium-ie-driver/3.13.0/selenium-ie-driver-3.13.0.jar:/Users/nishant/.m2/repository/org/seleniumhq/selenium/selenium-opera-driver/3.13.0/selenium-opera-driver-3.13.0.jar:/Users/nishant/.m2/repository/org/seleniumhq/selenium/selenium-remote-driver/3.13.0/selenium-remote-driver-3.13.0.jar:/Users/nishant/.m2/repository/org/seleniumhq/selenium/selenium-safari-driver/3.13.0/selenium-safari-driver-3.13.0.jar:/Users/nishant/.m2/repository/org/seleniumhq/selenium/selenium-support/3.13.0/selenium-support-3.13.0.jar:/Users/nishant/.m2/repository/net/bytebuddy/byte-buddy/1.8.3/byte-buddy-1.8.3.jar:/Users/nishant/.m2/repository/org/apache/commons/commons-exec/1.3/commons-exec-1.3.jar:/Users/nishant/.m2/repository/commons-codec/commons-codec/1.10/commons-codec-1.10.jar:/Users/nishant/.m2/repository/commons-logging/commons-logging/1.2/commons-logging-1.2.jar:/Users/nishant/.m2/repository/com/google/code/gson/gson/2.8.4/gson-2.8.4.jar:/Users/nishant/.m2/repository/org/apache/httpcomponents/httpclient/4.5.5/httpclient-4.5.5.jar:/Users/nishant/.m2/repository/org/apache/httpcomponents/httpcore/4.4.9/httpcore-4.4.9.jar:/Users/nishant/.m2/repository/com/squareup/okhttp3/okhttp/3.10.0/okhttp-3.10.0.jar:/Users/nishant/.m2/repository/com/squareup/okio/okio/1.14.1/okio-1.14.1.jar:/Users/nishant/.m2/repository/io/appium/java-client/6.1.0/java-client-6.1.0.jar:/Users/nishant/.m2/repository/cglib/cglib/3.2.6/cglib-3.2.6.jar:/Users/nishant/.m2/repository/org/ow2/asm/asm/6.0/asm-6.0.jar:/Users/nishant/.m2/repository/commons-validator/commons-validator/1.6/commons-validator-1.6.jar:/Users/nishant/.m2/repository/commons-beanutils/commons-beanutils/1.9.2/commons-beanutils-1.9.2.jar:/Users/nishant/.m2/repository/commons-digester/commons-digester/1.8.1/commons-digester-1.8.1.jar:/Users/nishant/.m2/repository/commons-collections/commons-collections/3.2.2/commons-collections-3.2.2.jar:/Users/nishant/.m2/repository/org/apache/commons/commons-lang3/3.7/commons-lang3-3.7.jar:/Users/nishant/.m2/repository/commons-io/commons-io/2.6/commons-io-2.6.jar:/Users/nishant/.m2/repository/org/springframework/spring-context/5.0.5.RELEASE/spring-context-5.0.5.RELEASE.jar:/Users/nishant/.m2/repository/org/springframework/spring-aop/5.0.5.RELEASE/spring-aop-5.0.5.RELEASE.jar:/Users/nishant/.m2/repository/org/springframework/spring-beans/5.0.5.RELEASE/spring-beans-5.0.5.RELEASE.jar:/Users/nishant/.m2/repository/org/springframework/spring-core/5.0.5.RELEASE/spring-core-5.0.5.RELEASE.jar:/Users/nishant/.m2/repository/org/springframework/spring-jcl/5.0.5.RELEASE/spring-jcl-5.0.5.RELEASE.jar:/Users/nishant/.m2/repository/org/springframework/spring-expression/5.0.5.RELEASE/spring-expression-5.0.5.RELEASE.jar:/Users/nishant/.m2/repository/org/aspectj/aspectjweaver/1.9.1/aspectjweaver-1.9.1.jar:/Users/nishant/.m2/repository/org/openpnp/opencv/3.2.0-1/opencv-3.2.0-1.jar:/Users/nishant/.m2/repository/info/cukes/cucumber-java/1.2.5/cucumber-java-1.2.5.jar:/Users/nishant/.m2/repository/info/cukes/cucumber-core/1.2.5/cucumber-core-1.2.5.jar:/Users/nishant/.m2/repository/info/cukes/cucumber-html/0.2.3/cucumber-html-0.2.3.jar:/Users/nishant/.m2/repository/info/cukes/cucumber-picocontainer/1.2.5/cucumber-picocontainer-1.2.5.jar:/Users/nishant/.m2/repository/org/picocontainer/picocontainer/2.15/picocontainer-2.15.jar:/Users/nishant/.m2/repository/com/google/guava/guava/25.1-jre/guava-25.1-jre.jar:/Users/nishant/.m2/repository/com/google/code/findbugs/jsr305/3.0.2/jsr305-3.0.2.jar:/Users/nishant/.m2/repository/org/checkerframework/checker-qual/2.0.0/checker-qual-2.0.0.jar:/Users/nishant/.m2/repository/com/google/errorprone/error_prone_annotations/2.1.3/error_prone_annotations-2.1.3.jar:/Users/nishant/.m2/repository/com/google/j2objc/j2objc-annotations/1.1/j2objc-annotations-1.1.jar:/Users/nishant/.m2/repository/org/codehaus/mojo/animal-sniffer-annotations/1.14/animal-sniffer-annotations-1.14.jar:/Users/nishant/.m2/repository/info/cukes/cucumber-testng/1.2.4/cucumber-testng-1.2.4.jar:/Users/nishant/.m2/repository/org/testng/testng/6.9.9/testng-6.9.9.jar:/Users/nishant/.m2/repository/com/beust/jcommander/1.48/jcommander-1.48.jar:/Users/nishant/.m2/repository/org/apache/ant/ant/1.7.0/ant-1.7.0.jar:/Users/nishant/.m2/repository/org/apache/ant/ant-launcher/1.7.0/ant-launcher-1.7.0.jar:/Users/nishant/.m2/repository/org/yaml/snakeyaml/1.15/snakeyaml-1.15.jar:/Users/nishant/.m2/repository/org/beanshell/bsh/2.0b4/bsh-2.0b4.jar:/Users/nishant/.m2/repository/net/masterthought/cucumber-reporting/4.0.0/cucumber-reporting-4.0.0.jar:/Users/nishant/.m2/repository/com/fasterxml/jackson/core/jackson-databind/2.9.6/jackson-databind-2.9.6.jar:/Users/nishant/.m2/repository/com/fasterxml/jackson/core/jackson-annotations/2.9.0/jackson-annotations-2.9.0.jar:/Users/nishant/.m2/repository/com/fasterxml/jackson/core/jackson-core/2.9.6/jackson-core-2.9.6.jar:/Users/nishant/.m2/repository/org/apache/velocity/velocity/1.7/velocity-1.7.jar:/Users/nishant/.m2/repository/commons-lang/commons-lang/2.4/commons-lang-2.4.jar:/Users/nishant/.m2/repository/velocity-tools/velocity-tools/1.4/velocity-tools-1.4.jar:/Users/nishant/.m2/repository/joda-time/joda-time/2.10/joda-time-2.10.jar:/Users/nishant/.m2/repository/net/lingala/zip4j/zip4j/1.3.2/zip4j-1.3.2.jar:/Users/nishant/.m2/repository/org/codehaus/plexus/plexus-utils/3.1.0/plexus-utils-3.1.0.jar:/Users/nishant/.m2/repository/org/jsoup/jsoup/1.11.3/jsoup-1.11.3.jar:/Users/nishant/.m2/repository/com/googlecode/owasp-java-html-sanitizer/owasp-java-html-sanitizer/20180219.1/owasp-java-html-sanitizer-20180219.1.jar:/Users/nishant/.m2/repository/commons-configuration/commons-configuration/1.10/commons-configuration-1.10.jar:/Users/nishant/.m2/repository/org/jetbrains/annotations/16.0.1/annotations-16.0.1.jar:/Users/nishant/.m2/repository/io/cucumber/cucumber-junit/1.2.6/cucumber-junit-1.2.6.jar:/Users/nishant/.m2/repository/io/cucumber/cucumber-core/1.2.6/cucumber-core-1.2.6.jar:/Users/nishant/.m2/repository/info/cukes/cucumber-jvm-deps/1.0.5/cucumber-jvm-deps-1.0.5.jar:/Users/nishant/.m2/repository/junit/junit/4.12/junit-4.12.jar:/Users/nishant/.m2/repository/org/hamcrest/hamcrest-core/1.3/hamcrest-core-1.3.jar:"/>
    <property name="java.vm.vendor" value="AdoptOpenJDK"/>
    <property name="sun.arch.data.model" value="64"/>
    <property name="java.vendor.url" value="https://adoptopenjdk.net/"/>
    <property name="user.timezone" value=""/>
    <property name="java.vm.specification.version" value="1.8"/>
    <property name="os.name" value="Mac OS X"/>
    <property name="user.country" value="IN"/>
    <property name="sun.java.launcher" value="SUN_STANDARD"/>
    <property name="sun.boot.library.path" value="/Library/Java/JavaVirtualMachines/adoptopenjdk-8.jdk/Contents/Home/jre/lib"/>
    <property name="sun.java.command" value="/Users/nishant/Desktop/refform/Cucumber_Proj/target/surefire/surefirebooter30202059482267246.jar /Users/nishant/Desktop/refform/Cucumber_Proj/target/surefire 2021-05-02T18-02-58_404-jvmRun1 surefire2905330970736838544tmp surefire_02128337895433833461tmp"/>
    <property name="surefire.test.class.path" value="/Users/nishant/Desktop/refform/Cucumber_Proj/target/test-classes:/Users/nishant/Desktop/refform/Cucumber_Proj/target/classes:/Users/nishant/.m2/repository/info/cukes/gherkin/2.12.2/gherkin-2.12.2.jar:/Users/nishant/.m2/repository/org/seleniumhq/selenium/selenium-java/3.13.0/selenium-java-3.13.0.jar:/Users/nishant/.m2/repository/org/seleniumhq/selenium/selenium-api/3.13.0/selenium-api-3.13.0.jar:/Users/nishant/.m2/repository/org/seleniumhq/selenium/selenium-chrome-driver/3.13.0/selenium-chrome-driver-3.13.0.jar:/Users/nishant/.m2/repository/org/seleniumhq/selenium/selenium-edge-driver/3.13.0/selenium-edge-driver-3.13.0.jar:/Users/nishant/.m2/repository/org/seleniumhq/selenium/selenium-firefox-driver/3.13.0/selenium-firefox-driver-3.13.0.jar:/Users/nishant/.m2/repository/org/seleniumhq/selenium/selenium-ie-driver/3.13.0/selenium-ie-driver-3.13.0.jar:/Users/nishant/.m2/repository/org/seleniumhq/selenium/selenium-opera-driver/3.13.0/selenium-opera-driver-3.13.0.jar:/Users/nishant/.m2/repository/org/seleniumhq/selenium/selenium-remote-driver/3.13.0/selenium-remote-driver-3.13.0.jar:/Users/nishant/.m2/repository/org/seleniumhq/selenium/selenium-safari-driver/3.13.0/selenium-safari-driver-3.13.0.jar:/Users/nishant/.m2/repository/org/seleniumhq/selenium/selenium-support/3.13.0/selenium-support-3.13.0.jar:/Users/nishant/.m2/repository/net/bytebuddy/byte-buddy/1.8.3/byte-buddy-1.8.3.jar:/Users/nishant/.m2/repository/org/apache/commons/commons-exec/1.3/commons-exec-1.3.jar:/Users/nishant/.m2/repository/commons-codec/commons-codec/1.10/commons-codec-1.10.jar:/Users/nishant/.m2/repository/commons-logging/commons-logging/1.2/commons-logging-1.2.jar:/Users/nishant/.m2/repository/com/google/code/gson/gson/2.8.4/gson-2.8.4.jar:/Users/nishant/.m2/repository/org/apache/httpcomponents/httpclient/4.5.5/httpclient-4.5.5.jar:/Users/nishant/.m2/repository/org/apache/httpcomponents/httpcore/4.4.9/httpcore-4.4.9.jar:/Users/nishant/.m2/repository/com/squareup/okhttp3/okhttp/3.10.0/okhttp-3.10.0.jar:/Users/nishant/.m2/repository/com/squareup/okio/okio/1.14.1/okio-1.14.1.jar:/Users/nishant/.m2/repository/io/appium/java-client/6.1.0/java-client-6.1.0.jar:/Users/nishant/.m2/repository/cglib/cglib/3.2.6/cglib-3.2.6.jar:/Users/nishant/.m2/repository/org/ow2/asm/asm/6.0/asm-6.0.jar:/Users/nishant/.m2/repository/commons-validator/commons-validator/1.6/commons-validator-1.6.jar:/Users/nishant/.m2/repository/commons-beanutils/commons-beanutils/1.9.2/commons-beanutils-1.9.2.jar:/Users/nishant/.m2/repository/commons-digester/commons-digester/1.8.1/commons-digester-1.8.1.jar:/Users/nishant/.m2/repository/commons-collections/commons-collections/3.2.2/commons-collections-3.2.2.jar:/Users/nishant/.m2/repository/org/apache/commons/commons-lang3/3.7/commons-lang3-3.7.jar:/Users/nishant/.m2/repository/commons-io/commons-io/2.6/commons-io-2.6.jar:/Users/nishant/.m2/repository/org/springframework/spring-context/5.0.5.RELEASE/spring-context-5.0.5.RELEASE.jar:/Users/nishant/.m2/repository/org/springframework/spring-aop/5.0.5.RELEASE/spring-aop-5.0.5.RELEASE.jar:/Users/nishant/.m2/repository/org/springframework/spring-beans/5.0.5.RELEASE/spring-beans-5.0.5.RELEASE.jar:/Users/nishant/.m2/repository/org/springframework/spring-core/5.0.5.RELEASE/spring-core-5.0.5.RELEASE.jar:/Users/nishant/.m2/repository/org/springframework/spring-jcl/5.0.5.RELEASE/spring-jcl-5.0.5.RELEASE.jar:/Users/nishant/.m2/repository/org/springframework/spring-expression/5.0.5.RELEASE/spring-expression-5.0.5.RELEASE.jar:/Users/nishant/.m2/repository/org/aspectj/aspectjweaver/1.9.1/aspectjweaver-1.9.1.jar:/Users/nishant/.m2/repository/org/openpnp/opencv/3.2.0-1/opencv-3.2.0-1.jar:/Users/nishant/.m2/repository/info/cukes/cucumber-java/1.2.5/cucumber-java-1.2.5.jar:/Users/nishant/.m2/repository/info/cukes/cucumber-core/1.2.5/cucumber-core-1.2.5.jar:/Users/nishant/.m2/repository/info/cukes/cucumber-html/0.2.3/cucumber-html-0.2.3.jar:/Users/nishant/.m2/repository/info/cukes/cucumber-picocontainer/1.2.5/cucumber-picocontainer-1.2.5.jar:/Users/nishant/.m2/repository/org/picocontainer/picocontainer/2.15/picocontainer-2.15.jar:/Users/nishant/.m2/repository/com/google/guava/guava/25.1-jre/guava-25.1-jre.jar:/Users/nishant/.m2/repository/com/google/code/findbugs/jsr305/3.0.2/jsr305-3.0.2.jar:/Users/nishant/.m2/repository/org/checkerframework/checker-qual/2.0.0/checker-qual-2.0.0.jar:/Users/nishant/.m2/repository/com/google/errorprone/error_prone_annotations/2.1.3/error_prone_annotations-2.1.3.jar:/Users/nishant/.m2/repository/com/google/j2objc/j2objc-annotations/1.1/j2objc-annotations-1.1.jar:/Users/nishant/.m2/repository/org/codehaus/mojo/animal-sniffer-annotations/1.14/animal-sniffer-annotations-1.14.jar:/Users/nishant/.m2/repository/info/cukes/cucumber-testng/1.2.4/cucumber-testng-1.2.4.jar:/Users/nishant/.m2/repository/org/testng/testng/6.9.9/testng-6.9.9.jar:/Users/nishant/.m2/repository/com/beust/jcommander/1.48/jcommander-1.48.jar:/Users/nishant/.m2/repository/org/apache/ant/ant/1.7.0/ant-1.7.0.jar:/Users/nishant/.m2/repository/org/apache/ant/ant-launcher/1.7.0/ant-launcher-1.7.0.jar:/Users/nishant/.m2/repository/org/yaml/snakeyaml/1.15/snakeyaml-1.15.jar:/Users/nishant/.m2/repository/org/beanshell/bsh/2.0b4/bsh-2.0b4.jar:/Users/nishant/.m2/repository/net/masterthought/cucumber-reporting/4.0.0/cucumber-reporting-4.0.0.jar:/Users/nishant/.m2/repository/com/fasterxml/jackson/core/jackson-databind/2.9.6/jackson-databind-2.9.6.jar:/Users/nishant/.m2/repository/com/fasterxml/jackson/core/jackson-annotations/2.9.0/jackson-annotations-2.9.0.jar:/Users/nishant/.m2/repository/com/fasterxml/jackson/core/jackson-core/2.9.6/jackson-core-2.9.6.jar:/Users/nishant/.m2/repository/org/apache/velocity/velocity/1.7/velocity-1.7.jar:/Users/nishant/.m2/repository/commons-lang/commons-lang/2.4/commons-lang-2.4.jar:/Users/nishant/.m2/repository/velocity-tools/velocity-tools/1.4/velocity-tools-1.4.jar:/Users/nishant/.m2/repository/joda-time/joda-time/2.10/joda-time-2.10.jar:/Users/nishant/.m2/repository/net/lingala/zip4j/zip4j/1.3.2/zip4j-1.3.2.jar:/Users/nishant/.m2/repository/org/codehaus/plexus/plexus-utils/3.1.0/plexus-utils-3.1.0.jar:/Users/nishant/.m2/repository/org/jsoup/jsoup/1.11.3/jsoup-1.11.3.jar:/Users/nishant/.m2/repository/com/googlecode/owasp-java-html-sanitizer/owasp-java-html-sanitizer/20180219.1/owasp-java-html-sanitizer-20180219.1.jar:/Users/nishant/.m2/repository/commons-configuration/commons-configuration/1.10/commons-configuration-1.10.jar:/Users/nishant/.m2/repository/org/jetbrains/annotations/16.0.1/annotations-16.0.1.jar:/Users/nishant/.m2/repository/io/cucumber/cucumber-junit/1.2.6/cucumber-junit-1.2.6.jar:/Users/nishant/.m2/repository/io/cucumber/cucumber-core/1.2.6/cucumber-core-1.2.6.jar:/Users/nishant/.m2/repository/info/cukes/cucumber-jvm-deps/1.0.5/cucumber-jvm-deps-1.0.5.jar:/Users/nishant/.m2/repository/junit/junit/4.12/junit-4.12.jar:/Users/nishant/.m2/repository/org/hamcrest/hamcrest-core/1.3/hamcrest-core-1.3.jar:"/>
    <property name="sun.cpu.endian" value="little"/>
    <property name="user.home" value="/Users/nishant"/>
    <property name="user.language" value="en"/>
    <property name="java.specification.vendor" value="Oracle Corporation"/>
    <property name="java.home" value="/Library/Java/JavaVirtualMachines/adoptopenjdk-8.jdk/Contents/Home/jre"/>
    <property name="basedir" value="/Users/nishant/Desktop/refform/Cucumber_Proj"/>
    <property name="file.separator" value="/"/>
    <property name="line.separator" value="&#10;"/>
    <property name="java.vm.specification.vendor" value="Oracle Corporation"/>
    <property name="java.specification.name" value="Java Platform API Specification"/>
    <property name="java.awt.graphicsenv" value="sun.awt.CGraphicsEnvironment"/>
    <property name="surefire.real.class.path" value="/Users/nishant/Desktop/refform/Cucumber_Proj/target/surefire/surefirebooter30202059482267246.jar"/>
    <property name="sun.boot.class.path" value="/Library/Java/JavaVirtualMachines/adoptopenjdk-8.jdk/Contents/Home/jre/lib/resources.jar:/Library/Java/JavaVirtualMachines/adoptopenjdk-8.jdk/Contents/Home/jre/lib/rt.jar:/Library/Java/JavaVirtualMachines/adoptopenjdk-8.jdk/Contents/Home/jre/lib/sunrsasign.jar:/Library/Java/JavaVirtualMachines/adoptopenjdk-8.jdk/Contents/Home/jre/lib/jsse.jar:/Library/Java/JavaVirtualMachines/adoptopenjdk-8.jdk/Contents/Home/jre/lib/jce.jar:/Library/Java/JavaVirtualMachines/adoptopenjdk-8.jdk/Contents/Home/jre/lib/charsets.jar:/Library/Java/JavaVirtualMachines/adoptopenjdk-8.jdk/Contents/Home/jre/lib/jfr.jar:/Library/Java/JavaVirtualMachines/adoptopenjdk-8.jdk/Contents/Home/jre/classes"/>
    <property name="sun.management.compiler" value="HotSpot 64-Bit Tiered Compilers"/>
    <property name="java.runtime.version" value="1.8.0_275-b01"/>
    <property name="user.name" value="nishant"/>
    <property name="path.separator" value=":"/>
    <property name="os.version" value="10.15.7"/>
    <property name="java.endorsed.dirs" value="/Library/Java/JavaVirtualMachines/adoptopenjdk-8.jdk/Contents/Home/jre/lib/endorsed"/>
    <property name="java.runtime.name" value="OpenJDK Runtime Environment"/>
    <property name="file.encoding" value="UTF-8"/>
    <property name="java.vm.name" value="OpenJDK 64-Bit Server VM"/>
    <property name="localRepository" value="/Users/nishant/.m2/repository"/>
    <property name="java.vendor.url.bug" value="https://github.com/AdoptOpenJDK/openjdk-support/issues"/>
    <property name="java.io.tmpdir" value="/var/folders/cq/kq1r5w9s3l1gryn83mdn5kbm0000gq/T/"/>
    <property name="java.version" value="1.8.0_275"/>
    <property name="user.dir" value="/Users/nishant/Desktop/refform/Cucumber_Proj"/>
    <property name="os.arch" value="x86_64"/>
    <property name="java.vm.specification.name" value="Java Virtual Machine Specification"/>
    <property name="java.awt.printerjob" value="sun.lwawt.macosx.CPrinterJob"/>
    <property name="sun.os.patch.level" value="unknown"/>
    <property name="java.library.path" value="/Users/nishant/Library/Java/Extensions:/Library/Java/Extensions:/Network/Library/Java/Extensions:/System/Library/Java/Extensions:/usr/lib/java:."/>
    <property name="java.vm.info" value="mixed mode"/>
    <property name="java.vendor" value="AdoptOpenJDK"/>
    <property name="java.vm.version" value="25.275-b01"/>
    <property name="java.ext.dirs" value="/Users/nishant/Library/Java/Extensions:/Library/Java/JavaVirtualMachines/adoptopenjdk-8.jdk/Contents/Home/jre/lib/ext:/Library/Java/Extensions:/Network/Library/Java/Extensions:/System/Library/Java/Extensions:/usr/lib/java"/>
    <property name="sun.io.unicode.encoding" value="UnicodeBig"/>
    <property name="java.class.version" value="52.0"/>
  </properties>
  <testcase name="feature" classname="runner.CucumberRunner" time="395.172">
    <failure message="org.openqa.selenium.ElementNotVisibleException: Title is not present on page&#10;Build info: version: &apos;3.13.0&apos;, revision: &apos;2f0d292&apos;, time: &apos;2018-06-25T15:24:21.231Z&apos;&#10;System info: host: &apos;L1123.local&apos;, ip: &apos;fe80:0:0:0:447:cc81:8971:9a4d%en0&apos;, os.name: &apos;Mac OS X&apos;, os.arch: &apos;x86_64&apos;, os.version: &apos;10.15.7&apos;, java.version: &apos;1.8.0_275&apos;&#10;Driver info: driver.version: unknown" type="cucumber.runtime.CucumberException">cucumber.runtime.CucumberException: 
org.openqa.selenium.ElementNotVisibleException: Title is not present on page
Build info: version: '3.13.0', revision: '2f0d292', time: '2018-06-25T15:24:21.231Z'
System info: host: 'L1123.local', ip: 'fe80:0:0:0:447:cc81:8971:9a4d%en0', os.name: 'Mac OS X', os.arch: 'x86_64', os.version: '10.15.7', java.version: '1.8.0_275'
Driver info: driver.version: unknown
Caused by: org.openqa.selenium.ElementNotVisibleException: 
Title is not present on page
Build info: version: '3.13.0', revision: '2f0d292', time: '2018-06-25T15:24:21.231Z'
System info: host: 'L1123.local', ip: 'fe80:0:0:0:447:cc81:8971:9a4d%en0', os.name: 'Mac OS X', os.arch: 'x86_64', os.version: '10.15.7', java.version: '1.8.0_275'
Driver info: driver.version: unknown
</failure>
    <system-out><![CDATA[Feature: HomePageFeature
-----------------End of Scenario-----------------

  @TestngScenario
  Scenario: Verify title and element on homepage           # HomePageFeature.feature:4
    When user launch the app                               # HomePageSteps.userLaunchTheApp()
    Then Verify page title is "selendroid-test-app"        # CommonPageSteps.verifyPageTitleIs(String)
    Then Verify that all elements available on Home screen # HomePageSteps.verifyThatAllElementsAvailableOnScreen()
-----------------End of Scenario-----------------

  @TestngScenario
  Scenario: Verify that after selecting "no, no" option for "ENbutton" user should be on home page # HomePageFeature.feature:10
    When user launch the app                                                                       # HomePageSteps.userLaunchTheApp()
    Then Verify page title is "selendroid-test-app"                                                # CommonPageSteps.verifyPageTitleIs(String)
    When user click on ENButton                                                                    # HomePageSteps.userClickOnENButton()
    Then Verify that This will end the activity pop-up is open up                                  # HomePageSteps.thisWillEndTheActivityPopUpIsOpenUp()
    When user click on No no button                                                                # HomePageSteps.userClickOnNoNoButton()
    Then Verify page title is "selendroid-test-app"                                                # CommonPageSteps.verifyPageTitleIs(String)
    Then Verify that all elements available on Home screen                                         # HomePageSteps.verifyThatAllElementsAvailableOnScreen()
-----------------End of Scenario-----------------

  @TestngScenario
  Scenario: Verify the elements after selecting chrome logo                                  # HomePageFeature.feature:20
    When user launch the app                                                                 # HomePageSteps.userLaunchTheApp()
    Then Verify page title is "selendroid-test-app"                                          # CommonPageSteps.verifyPageTitleIs(String)
    When user click on Chrome logo                                                           # HomePageSteps.userClickOnChromeLogo()
    Then Verify page title is "selendroid-test-app"                                          # CommonPageSteps.verifyPageTitleIs(String)
    Then Verify that text "Hello, can you please tell me your name?" is present in text view # CommonPageSteps.verifyThatTextIsPresent(String)
    When user enter name as "Nishant Patel"                                                  # ChromePageSteps.userEnterNameAs(String)
    When user select car as "Mercedes"                                                       # ChromePageSteps.userSelectCarAs(String)
    Then Verify that car in drop down selected as "Mercedes"                                 # ChromePageSteps.verifyThatCarInDropDownSelectedAs(String)
    When user select send me your name button                                                # ChromePageSteps.userSelectSendMeYourNameButton()
    Then Verify that text "This is my way of saying hello" is present in text view           # CommonPageSteps.verifyThatTextIsPresent(String)
    Then Verify the entered name as "Nishant Patel"                                          # ChromePageSteps.verifyTheEnteredNameAs(String)
    Then Verify car name as "mercedes"                                                       # ChromePageSteps.verifyCarNameAs(String)
    When user click on start again link                                                      # ChromePageSteps.userClickOnStartAgainLink()
    Then Verify that car in drop down selected as "Volvo"                                    # ChromePageSteps.verifyThatCarInDropDownSelectedAs(String)

  @TestngScenario
  Scenario Outline: Verify the elements after selecting file logo                  # HomePageFeature.feature:37
    When user launch the app
    Then Verify page title is "selendroid-test-app"
    When user click on File logo
    Then Verify page title is "selendroid-test-app"
    Then Verify that text "Welcome to register a new User" is present in text view
    Then Verify that all elements available on registration screen
    Then Verify that "Mr. Burns" is prePopulated in name field
    Then Verify that "Ruby" is selected as programming language by default
    When user select username as "<username>"
    When user select email as "<email>"
    When user select password as "<password>"
    When user select name as "<name>"
    When user select programming language as "<programming language>"
    When user select I accept adds checkbox
    When user click Register user (verify)
    Then Verify that value of name is "<name>"
    Then Verify that value of username is "<username>"
    Then Verify that value of password is "<password>"
    Then Verify that value of email is "<email>"
    Then Verify that value of programming language is "<programming language>"
    Then Verify that bool status of I accepted adds is "true"
    When user click Register use
    Then Verify that all elements available on Home screen

    Examples: 
-----------------End of Scenario-----------------

  @TestngScenario
  Scenario Outline: Verify the elements after selecting file logo                  # HomePageFeature.feature:64
    When user launch the app                                                       # HomePageSteps.userLaunchTheApp()
    Then Verify page title is "selendroid-test-app"                                # CommonPageSteps.verifyPageTitleIs(String)
    When user click on File logo                                                   # HomePageSteps.userClickOnFileLogo()
    Then Verify page title is "selendroid-test-app"                                # CommonPageSteps.verifyPageTitleIs(String)
    Then Verify that text "Welcome to register a new User" is present in text view # CommonPageSteps.verifyThatTextIsPresent(String)
    Then Verify that all elements available on registration screen                 # RegistrationPageSteps.verifyThatAllElementsAvailableOnRegistrationScreen()
    Then Verify that "Mr. Burns" is prePopulated in name field                     # RegistrationPageSteps.verifyThatIsPrePopulatedInNameField(String)
    Then Verify that "Ruby" is selected as programming language by default         # RegistrationPageSteps.verifyThatIsSelectedAsProgrammingLanguageByDefault(String)
    When user select username as "Nishanttest"                                     # RegistrationPageSteps.userSelectUsernameAs(String)
    When user select email as "pnishant90@mailinator.com"                          # RegistrationPageSteps.userSelectEmailAs(String)
    When user select password as "asdf123"                                         # RegistrationPageSteps.userSelectPasswordAs(String)
    When user select name as "Nishant Patel"                                       # RegistrationPageSteps.userSelectNameAs(String)
    When user select programming language as "Java"                                # RegistrationPageSteps.userSelectProgrammingLanguageAs(String)
    When user select I accept adds checkbox                                        # RegistrationPageSteps.userSelectIAcceptAddsCheckbox()
    When user click Register user (verify)                                         # RegistrationPageSteps.userClickRegisterUserVerify()
    Then Verify that value of name is "Nishant Patel"                              # RegistrationPageSteps.verifyThatValueOfNameIs(String)
    Then Verify that value of username is "Nishanttest"                            # RegistrationPageSteps.verifyThatValueOfUsernameIs(String)
    Then Verify that value of password is "asdf123"                                # RegistrationPageSteps.verifyThatValueOfPasswordIs(String)
    Then Verify that value of email is "pnishant90@mailinator.com"                 # RegistrationPageSteps.verifyThatValueOfEmailIs(String)
    Then Verify that value of programming language is "Java"                       # RegistrationPageSteps.verifyThatValueOfProgrammingLanguageIs(String)
    Then Verify that bool status of I accepted adds is "true"                      # RegistrationPageSteps.verifyThatBoolStatusOfIAcceptedAddsIs(String)
    When user click Register use                                                   # RegistrationPageSteps.userClickRegisterUse()
    Then Verify that all elements available on Home screen                         # HomePageSteps.verifyThatAllElementsAvailableOnScreen()
-----------------End of Scenario-----------------

  @TestngScenario
  Scenario: Verify the elements after selecting show progress      # HomePageFeature.feature:67
    When user launch the app                                       # HomePageSteps.userLaunchTheApp()
    Then Verify page title is "selendroid-test-app"                # CommonPageSteps.verifyPageTitleIs(String)
    When user click on show progress bar                           # HomePageSteps.userClickOnShowProgressBar()
    Then Verify page title is "selendroid-test-app"                # CommonPageSteps.verifyPageTitleIs(String)
    Then Verify that all elements available on registration screen # RegistrationPageSteps.verifyThatAllElementsAvailableOnRegistrationScreen()
-----------------End of Scenario-----------------

  @TestngScenario
  Scenario: Verify Toast message                                  # HomePageFeature.feature:75
    When user launch the app                                      # HomePageSteps.userLaunchTheApp()
    Then Verify page title is "selendroid-test-app"               # CommonPageSteps.verifyPageTitleIs(String)
    When user click on Display Toast message                      # HomePageSteps.userClickOnDisplayToastMessage()
    Then Toast message should appear as "Hello selendroid toast!" # HomePageSteps.toastMessageShouldAppearAs(String)
-----------------End of Scenario-----------------

  @TestngScenario
  Scenario: Verify popup test                       # HomePageFeature.feature:82
    When user launch the app                        # HomePageSteps.userLaunchTheApp()
    Then Verify page title is "selendroid-test-app" # CommonPageSteps.verifyPageTitleIs(String)
    When user click on Display Popup Window button  # HomePageSteps.userClickOnDisplayPopupWindowButton()
    When user dismiss popup button                  # HomePageSteps.userDismissPopupButton()
-----------------End of Scenario-----------------

  @TestngScenario
  Scenario: Verify that app should not crash when tap on "Press to throw unhandled action exception" # HomePageFeature.feature:90
    When user launch the app                                                                         # HomePageSteps.userLaunchTheApp()
    Then Verify page title is "selendroid-test-app"                                                  # CommonPageSteps.verifyPageTitleIs(String)
    When user click on Press to throw unhandled action exception                                     # HomePageSteps.userClickOnPressToThrowUnhandledActionException()
    Then Verify page title is "selendroid-test-app"                                                  # CommonPageSteps.verifyPageTitleIs(String)
      org.openqa.selenium.ElementNotVisibleException: Title is not present on page
      Build info: version: '3.13.0', revision: '2f0d292', time: '2018-06-25T15:24:21.231Z'
      System info: host: 'L1123.local', ip: 'fe80:0:0:0:447:cc81:8971:9a4d%en0', os.name: 'Mac OS X', os.arch: 'x86_64', os.version: '10.15.7', java.version: '1.8.0_275'
      Driver info: driver.version: unknown
      	at Pages.CommonPageAction.getTitle(CommonPageAction.java:33)
      	at stepFiles.CommonPageSteps.verifyPageTitleIs(CommonPageSteps.java:23)
      	at ✽.Then Verify page title is "selendroid-test-app"(HomePageFeature.feature:94)

-----------------End of Scenario-----------------

  @TestngScenario
  Scenario: Verify that app should not crash when tap on "Press to throw unhandled action exception" # HomePageFeature.feature:97
    When user launch the app                                                                         # HomePageSteps.userLaunchTheApp()
    Then Verify page title is "selendroid-test-app"                                                  # CommonPageSteps.verifyPageTitleIs(String)
    When user enter "test" in type to throw unhandled exception field                                # HomePageSteps.userEnterInTypeToThrowUnhandledExceptionField(String)
      org.openqa.selenium.NoSuchElementException: Can't locate an element by this strategy: By.chained({By.xpath: //android.widget.EditText[contains(@resource-id,'exceptionTestField')]})
      	at io.appium.java_client.pagefactory.AppiumElementLocator.findElement(AppiumElementLocator.java:126)
      	at io.appium.java_client.pagefactory.interceptors.InterceptorOfASingleElement.intercept(InterceptorOfASingleElement.java:60)
      	at io.appium.java_client.android.AndroidElement$$EnhancerByCGLIB$$b598166c.sendKeys(<generated>)
      	at Pages.HomePagePage.enterCustomiseException(HomePagePage.java:235)
      	at stepFiles.HomePageSteps.userEnterInTypeToThrowUnhandledExceptionField(HomePageSteps.java:79)
      	at ✽.When user enter "test" in type to throw unhandled exception field(HomePageFeature.feature:100)
      Caused by: org.openqa.selenium.TimeoutException: Expected condition failed: waiting for io.appium.java_client.pagefactory.AppiumElementLocator$WaitingFunction@3b6706c4 (tried for 10 second(s) with 500 milliseconds interval)
      	at org.openqa.selenium.support.ui.FluentWait.timeoutException(FluentWait.java:303)
      	at org.openqa.selenium.support.ui.FluentWait.until(FluentWait.java:271)
      	at io.appium.java_client.pagefactory.AppiumElementLocator.waitFor(AppiumElementLocator.java:99)
      	at io.appium.java_client.pagefactory.AppiumElementLocator.findElement(AppiumElementLocator.java:119)
      	at io.appium.java_client.pagefactory.interceptors.InterceptorOfASingleElement.intercept(InterceptorOfASingleElement.java:60)
      	at io.appium.java_client.android.AndroidElement$$EnhancerByCGLIB$$b598166c.sendKeys(<generated>)
      	at Pages.HomePagePage.enterCustomiseException(HomePagePage.java:235)
      	at stepFiles.HomePageSteps.userEnterInTypeToThrowUnhandledExceptionField(HomePageSteps.java:79)
      	at sun.reflect.NativeMethodAccessorImpl.invoke0(Native Method)
      	at sun.reflect.NativeMethodAccessorImpl.invoke(NativeMethodAccessorImpl.java:62)
      	at sun.reflect.DelegatingMethodAccessorImpl.invoke(DelegatingMethodAccessorImpl.java:43)
      	at java.lang.reflect.Method.invoke(Method.java:498)
      	at cucumber.runtime.Utils$1.call(Utils.java:40)
      	at cucumber.runtime.Timeout.timeout(Timeout.java:16)
      	at cucumber.runtime.Utils.invoke(Utils.java:34)
      	at cucumber.runtime.java.JavaStepDefinition.execute(JavaStepDefinition.java:38)
      	at cucumber.runtime.StepDefinitionMatch.runStep(StepDefinitionMatch.java:37)
      	at cucumber.runtime.Runtime.runStep(Runtime.java:300)
      	at cucumber.runtime.model.StepContainer.runStep(StepContainer.java:44)
      	at cucumber.runtime.model.StepContainer.runSteps(StepContainer.java:39)
      	at cucumber.runtime.model.CucumberScenario.run(CucumberScenario.java:44)
      	at cucumber.runtime.model.CucumberFeature.run(CucumberFeature.java:165)
      	at cucumber.api.testng.TestNGCucumberRunner.runCucumber(TestNGCucumberRunner.java:63)
      	at cucumber.api.testng.AbstractTestNGCucumberTests.feature(AbstractTestNGCucumberTests.java:21)
      	at sun.reflect.NativeMethodAccessorImpl.invoke0(Native Method)
      	at sun.reflect.NativeMethodAccessorImpl.invoke(NativeMethodAccessorImpl.java:62)
      	at sun.reflect.DelegatingMethodAccessorImpl.invoke(DelegatingMethodAccessorImpl.java:43)
      	at java.lang.reflect.Method.invoke(Method.java:498)
      	at org.testng.internal.MethodInvocationHelper.invokeMethod(MethodInvocationHelper.java:85)
      	at org.testng.internal.Invoker.invokeMethod(Invoker.java:639)
      	at org.testng.internal.Invoker.invokeTestMethod(Invoker.java:816)
      	at org.testng.internal.Invoker.invokeTestMethods(Invoker.java:1124)
      	at org.testng.internal.TestMethodWorker.invokeTestMethods(TestMethodWorker.java:125)
      	at org.testng.internal.TestMethodWorker.run(TestMethodWorker.java:108)
      	at org.testng.TestRunner.privateRun(TestRunner.java:774)
      	at org.testng.TestRunner.run(TestRunner.java:624)
      	at org.testng.SuiteRunner.runTest(SuiteRunner.java:359)
      	at org.testng.SuiteRunner.access$000(SuiteRunner.java:39)
      	at org.testng.SuiteRunner$SuiteWorker.run(SuiteRunner.java:393)
      	at org.testng.internal.thread.ThreadUtil$2.call(ThreadUtil.java:64)
      	at java.util.concurrent.FutureTask.run(FutureTask.java:266)
      	at java.util.concurrent.ThreadPoolExecutor.runWorker(ThreadPoolExecutor.java:1149)
      	at java.util.concurrent.ThreadPoolExecutor$Worker.run(ThreadPoolExecutor.java:624)
      	at java.lang.Thread.run(Thread.java:748)
      Caused by: org.openqa.selenium.NoSuchElementException: Cannot locate an element using By.chained({By.xpath: //android.widget.EditText[contains(@resource-id,'exceptionTestField')]})
      For documentation on this error, please visit: http://seleniumhq.org/exceptions/no_such_element.html
      Build info: version: '3.13.0', revision: '2f0d292', time: '2018-06-25T15:24:21.231Z'
      System info: host: 'L1123.local', ip: 'fe80:0:0:0:447:cc81:8971:9a4d%en0', os.name: 'Mac OS X', os.arch: 'x86_64', os.version: '10.15.7', java.version: '1.8.0_275'
      Driver info: driver.version: AndroidDriver
      	at io.appium.java_client.pagefactory.bys.builder.ByChained.findElement(ByChained.java:74)
      	at org.openqa.selenium.remote.RemoteWebDriver.findElement(RemoteWebDriver.java:314)
      	at io.appium.java_client.DefaultGenericMobileDriver.findElement(DefaultGenericMobileDriver.java:58)
      	at io.appium.java_client.AppiumDriver.findElement(AppiumDriver.java:1)
      	at io.appium.java_client.android.AndroidDriver.findElement(AndroidDriver.java:1)
      	at io.appium.java_client.pagefactory.bys.ContentMappedBy.findElement(ContentMappedBy.java:50)
      	at org.openqa.selenium.remote.RemoteWebDriver.findElement(RemoteWebDriver.java:314)
      	at io.appium.java_client.DefaultGenericMobileDriver.findElement(DefaultGenericMobileDriver.java:58)
      	at io.appium.java_client.AppiumDriver.findElement(AppiumDriver.java:1)
      	at io.appium.java_client.android.AndroidDriver.findElement(AndroidDriver.java:1)
      	at io.appium.java_client.pagefactory.AppiumElementLocator.lambda$0(AppiumElementLocator.java:120)
      	at io.appium.java_client.pagefactory.AppiumElementLocator$WaitingFunction.apply(AppiumElementLocator.java:172)
      	at io.appium.java_client.pagefactory.AppiumElementLocator$WaitingFunction.apply(AppiumElementLocator.java:1)
      	at org.openqa.selenium.support.ui.FluentWait.until(FluentWait.java:248)
      	... 42 more

    Then Verify page title is "selendroid-test-app"                                                  # CommonPageSteps.verifyPageTitleIs(String)
]]></system-out>
    <system-err><![CDATA[May 02, 2021 6:03:19 PM io.appium.java_client.remote.AppiumCommandExecutor$1 lambda$0
INFO: Detected dialect: W3C
May 02, 2021 6:03:47 PM io.appium.java_client.remote.AppiumCommandExecutor$1 lambda$0
INFO: Detected dialect: W3C
May 02, 2021 6:04:20 PM io.appium.java_client.remote.AppiumCommandExecutor$1 lambda$0
INFO: Detected dialect: W3C
May 02, 2021 6:05:14 PM io.appium.java_client.remote.AppiumCommandExecutor$1 lambda$0
INFO: Detected dialect: W3C
May 02, 2021 6:06:49 PM io.appium.java_client.remote.AppiumCommandExecutor$1 lambda$0
INFO: Detected dialect: W3C
org.openqa.selenium.TimeoutException: Expected condition failed: waiting for visibility of Located by By.chained({By.xpath: //android.widget.TextView[@text='Waiting Dialog']}) (tried for 1 second(s) with 2 milliseconds interval)
	at org.openqa.selenium.support.ui.FluentWait.timeoutException(FluentWait.java:303)
	at org.openqa.selenium.support.ui.FluentWait.until(FluentWait.java:271)
	at driverFactory.DriverFactory.isElementPresent(DriverFactory.java:43)
	at driverFactory.DriverFactory.waitForElementToDisAppear(DriverFactory.java:102)
	at Pages.HomePagePage.clickOnShowProgressBar(HomePagePage.java:199)
	at stepFiles.HomePageSteps.userClickOnShowProgressBar(HomePageSteps.java:59)
	at sun.reflect.NativeMethodAccessorImpl.invoke0(Native Method)
	at sun.reflect.NativeMethodAccessorImpl.invoke(NativeMethodAccessorImpl.java:62)
	at sun.reflect.DelegatingMethodAccessorImpl.invoke(DelegatingMethodAccessorImpl.java:43)
	at java.lang.reflect.Method.invoke(Method.java:498)
	at cucumber.runtime.Utils$1.call(Utils.java:40)
	at cucumber.runtime.Timeout.timeout(Timeout.java:16)
	at cucumber.runtime.Utils.invoke(Utils.java:34)
	at cucumber.runtime.java.JavaStepDefinition.execute(JavaStepDefinition.java:38)
	at cucumber.runtime.StepDefinitionMatch.runStep(StepDefinitionMatch.java:37)
	at cucumber.runtime.Runtime.runStep(Runtime.java:300)
	at cucumber.runtime.model.StepContainer.runStep(StepContainer.java:44)
	at cucumber.runtime.model.StepContainer.runSteps(StepContainer.java:39)
	at cucumber.runtime.model.CucumberScenario.run(CucumberScenario.java:44)
	at cucumber.runtime.model.CucumberFeature.run(CucumberFeature.java:165)
	at cucumber.api.testng.TestNGCucumberRunner.runCucumber(TestNGCucumberRunner.java:63)
	at cucumber.api.testng.AbstractTestNGCucumberTests.feature(AbstractTestNGCucumberTests.java:21)
	at sun.reflect.NativeMethodAccessorImpl.invoke0(Native Method)
	at sun.reflect.NativeMethodAccessorImpl.invoke(NativeMethodAccessorImpl.java:62)
	at sun.reflect.DelegatingMethodAccessorImpl.invoke(DelegatingMethodAccessorImpl.java:43)
	at java.lang.reflect.Method.invoke(Method.java:498)
	at org.testng.internal.MethodInvocationHelper.invokeMethod(MethodInvocationHelper.java:85)
	at org.testng.internal.Invoker.invokeMethod(Invoker.java:639)
	at org.testng.internal.Invoker.invokeTestMethod(Invoker.java:816)
	at org.testng.internal.Invoker.invokeTestMethods(Invoker.java:1124)
	at org.testng.internal.TestMethodWorker.invokeTestMethods(TestMethodWorker.java:125)
	at org.testng.internal.TestMethodWorker.run(TestMethodWorker.java:108)
	at org.testng.TestRunner.privateRun(TestRunner.java:774)
	at org.testng.TestRunner.run(TestRunner.java:624)
	at org.testng.SuiteRunner.runTest(SuiteRunner.java:359)
	at org.testng.SuiteRunner.access$000(SuiteRunner.java:39)
	at org.testng.SuiteRunner$SuiteWorker.run(SuiteRunner.java:393)
	at org.testng.internal.thread.ThreadUtil$2.call(ThreadUtil.java:64)
	at java.util.concurrent.FutureTask.run(FutureTask.java:266)
	at java.util.concurrent.ThreadPoolExecutor.runWorker(ThreadPoolExecutor.java:1149)
	at java.util.concurrent.ThreadPoolExecutor$Worker.run(ThreadPoolExecutor.java:624)
	at java.lang.Thread.run(Thread.java:748)
Caused by: org.openqa.selenium.NoSuchElementException: Can't locate an element by this strategy: By.chained({By.xpath: //android.widget.TextView[@text='Waiting Dialog']})
	at io.appium.java_client.pagefactory.AppiumElementLocator.findElement(AppiumElementLocator.java:126)
	at io.appium.java_client.pagefactory.interceptors.InterceptorOfASingleElement.intercept(InterceptorOfASingleElement.java:60)
	at io.appium.java_client.android.AndroidElement$$EnhancerByCGLIB$$b598166c.isDisplayed(<generated>)
	at org.openqa.selenium.support.ui.ExpectedConditions.elementIfVisible(ExpectedConditions.java:315)
	at org.openqa.selenium.support.ui.ExpectedConditions.access$100(ExpectedConditions.java:44)
	at org.openqa.selenium.support.ui.ExpectedConditions$10.apply(ExpectedConditions.java:301)
	at org.openqa.selenium.support.ui.ExpectedConditions$10.apply(ExpectedConditions.java:298)
	at org.openqa.selenium.support.ui.FluentWait.until(FluentWait.java:248)
	... 40 more
Caused by: org.openqa.selenium.TimeoutException: Expected condition failed: waiting for io.appium.java_client.pagefactory.AppiumElementLocator$WaitingFunction@3a2d23b (tried for 10 second(s) with 500 milliseconds interval)
	at org.openqa.selenium.support.ui.FluentWait.timeoutException(FluentWait.java:303)
	at org.openqa.selenium.support.ui.FluentWait.until(FluentWait.java:271)
	at io.appium.java_client.pagefactory.AppiumElementLocator.waitFor(AppiumElementLocator.java:99)
	at io.appium.java_client.pagefactory.AppiumElementLocator.findElement(AppiumElementLocator.java:119)
	... 47 more
Caused by: org.openqa.selenium.NoSuchElementException: Cannot locate an element using By.chained({By.xpath: //android.widget.TextView[@text='Waiting Dialog']})
For documentation on this error, please visit: http://seleniumhq.org/exceptions/no_such_element.html
Build info: version: '3.13.0', revision: '2f0d292', time: '2018-06-25T15:24:21.231Z'
System info: host: 'L1123.local', ip: 'fe80:0:0:0:447:cc81:8971:9a4d%en0', os.name: 'Mac OS X', os.arch: 'x86_64', os.version: '10.15.7', java.version: '1.8.0_275'
Driver info: driver.version: AndroidDriver
	at io.appium.java_client.pagefactory.bys.builder.ByChained.findElement(ByChained.java:74)
	at org.openqa.selenium.remote.RemoteWebDriver.findElement(RemoteWebDriver.java:314)
	at io.appium.java_client.DefaultGenericMobileDriver.findElement(DefaultGenericMobileDriver.java:58)
	at io.appium.java_client.AppiumDriver.findElement(AppiumDriver.java:1)
	at io.appium.java_client.android.AndroidDriver.findElement(AndroidDriver.java:1)
	at io.appium.java_client.pagefactory.bys.ContentMappedBy.findElement(ContentMappedBy.java:50)
	at org.openqa.selenium.remote.RemoteWebDriver.findElement(RemoteWebDriver.java:314)
	at io.appium.java_client.DefaultGenericMobileDriver.findElement(DefaultGenericMobileDriver.java:58)
	at io.appium.java_client.AppiumDriver.findElement(AppiumDriver.java:1)
	at io.appium.java_client.android.AndroidDriver.findElement(AndroidDriver.java:1)
	at io.appium.java_client.pagefactory.AppiumElementLocator.lambda$0(AppiumElementLocator.java:120)
	at io.appium.java_client.pagefactory.AppiumElementLocator$WaitingFunction.apply(AppiumElementLocator.java:172)
	at io.appium.java_client.pagefactory.AppiumElementLocator$WaitingFunction.apply(AppiumElementLocator.java:1)
	at org.openqa.selenium.support.ui.FluentWait.until(FluentWait.java:248)
	... 49 more
May 02, 2021 6:07:48 PM io.appium.java_client.remote.AppiumCommandExecutor$1 lambda$0
INFO: Detected dialect: W3C
May 02, 2021 6:08:09 PM io.appium.java_client.remote.AppiumCommandExecutor$1 lambda$0
INFO: Detected dialect: W3C
May 02, 2021 6:08:30 PM io.appium.java_client.remote.AppiumCommandExecutor$1 lambda$0
INFO: Detected dialect: W3C
org.openqa.selenium.TimeoutException: Expected condition failed: waiting for visibility of Located by By.chained({By.id: android:id/title}) (tried for 10 second(s) with 2 milliseconds interval)
	at org.openqa.selenium.support.ui.FluentWait.timeoutException(FluentWait.java:303)
	at org.openqa.selenium.support.ui.FluentWait.until(FluentWait.java:271)
	at driverFactory.DriverFactory.isElementPresent(DriverFactory.java:43)
	at Pages.CommonPageAction.getTitle(CommonPageAction.java:30)
	at stepFiles.CommonPageSteps.verifyPageTitleIs(CommonPageSteps.java:23)
	at sun.reflect.NativeMethodAccessorImpl.invoke0(Native Method)
	at sun.reflect.NativeMethodAccessorImpl.invoke(NativeMethodAccessorImpl.java:62)
	at sun.reflect.DelegatingMethodAccessorImpl.invoke(DelegatingMethodAccessorImpl.java:43)
	at java.lang.reflect.Method.invoke(Method.java:498)
	at cucumber.runtime.Utils$1.call(Utils.java:40)
	at cucumber.runtime.Timeout.timeout(Timeout.java:16)
	at cucumber.runtime.Utils.invoke(Utils.java:34)
	at cucumber.runtime.java.JavaStepDefinition.execute(JavaStepDefinition.java:38)
	at cucumber.runtime.StepDefinitionMatch.runStep(StepDefinitionMatch.java:37)
	at cucumber.runtime.Runtime.runStep(Runtime.java:300)
	at cucumber.runtime.model.StepContainer.runStep(StepContainer.java:44)
	at cucumber.runtime.model.StepContainer.runSteps(StepContainer.java:39)
	at cucumber.runtime.model.CucumberScenario.run(CucumberScenario.java:44)
	at cucumber.runtime.model.CucumberFeature.run(CucumberFeature.java:165)
	at cucumber.api.testng.TestNGCucumberRunner.runCucumber(TestNGCucumberRunner.java:63)
	at cucumber.api.testng.AbstractTestNGCucumberTests.feature(AbstractTestNGCucumberTests.java:21)
	at sun.reflect.NativeMethodAccessorImpl.invoke0(Native Method)
	at sun.reflect.NativeMethodAccessorImpl.invoke(NativeMethodAccessorImpl.java:62)
	at sun.reflect.DelegatingMethodAccessorImpl.invoke(DelegatingMethodAccessorImpl.java:43)
	at java.lang.reflect.Method.invoke(Method.java:498)
	at org.testng.internal.MethodInvocationHelper.invokeMethod(MethodInvocationHelper.java:85)
	at org.testng.internal.Invoker.invokeMethod(Invoker.java:639)
	at org.testng.internal.Invoker.invokeTestMethod(Invoker.java:816)
	at org.testng.internal.Invoker.invokeTestMethods(Invoker.java:1124)
	at org.testng.internal.TestMethodWorker.invokeTestMethods(TestMethodWorker.java:125)
	at org.testng.internal.TestMethodWorker.run(TestMethodWorker.java:108)
	at org.testng.TestRunner.privateRun(TestRunner.java:774)
	at org.testng.TestRunner.run(TestRunner.java:624)
	at org.testng.SuiteRunner.runTest(SuiteRunner.java:359)
	at org.testng.SuiteRunner.access$000(SuiteRunner.java:39)
	at org.testng.SuiteRunner$SuiteWorker.run(SuiteRunner.java:393)
	at org.testng.internal.thread.ThreadUtil$2.call(ThreadUtil.java:64)
	at java.util.concurrent.FutureTask.run(FutureTask.java:266)
	at java.util.concurrent.ThreadPoolExecutor.runWorker(ThreadPoolExecutor.java:1149)
	at java.util.concurrent.ThreadPoolExecutor$Worker.run(ThreadPoolExecutor.java:624)
	at java.lang.Thread.run(Thread.java:748)
Caused by: org.openqa.selenium.NoSuchElementException: Can't locate an element by this strategy: By.chained({By.id: android:id/title})
	at io.appium.java_client.pagefactory.AppiumElementLocator.findElement(AppiumElementLocator.java:126)
	at io.appium.java_client.pagefactory.interceptors.InterceptorOfASingleElement.intercept(InterceptorOfASingleElement.java:60)
	at io.appium.java_client.android.AndroidElement$$EnhancerByCGLIB$$b598166c.isDisplayed(<generated>)
	at org.openqa.selenium.support.ui.ExpectedConditions.elementIfVisible(ExpectedConditions.java:315)
	at org.openqa.selenium.support.ui.ExpectedConditions.access$100(ExpectedConditions.java:44)
	at org.openqa.selenium.support.ui.ExpectedConditions$10.apply(ExpectedConditions.java:301)
	at org.openqa.selenium.support.ui.ExpectedConditions$10.apply(ExpectedConditions.java:298)
	at org.openqa.selenium.support.ui.FluentWait.until(FluentWait.java:248)
	... 39 more
Caused by: org.openqa.selenium.TimeoutException: Expected condition failed: waiting for io.appium.java_client.pagefactory.AppiumElementLocator$WaitingFunction@68e81137 (tried for 10 second(s) with 500 milliseconds interval)
	at org.openqa.selenium.support.ui.FluentWait.timeoutException(FluentWait.java:303)
	at org.openqa.selenium.support.ui.FluentWait.until(FluentWait.java:271)
	at io.appium.java_client.pagefactory.AppiumElementLocator.waitFor(AppiumElementLocator.java:99)
	at io.appium.java_client.pagefactory.AppiumElementLocator.findElement(AppiumElementLocator.java:119)
	... 46 more
Caused by: org.openqa.selenium.NoSuchElementException: Cannot locate an element using By.chained({By.id: android:id/title})
For documentation on this error, please visit: http://seleniumhq.org/exceptions/no_such_element.html
Build info: version: '3.13.0', revision: '2f0d292', time: '2018-06-25T15:24:21.231Z'
System info: host: 'L1123.local', ip: 'fe80:0:0:0:447:cc81:8971:9a4d%en0', os.name: 'Mac OS X', os.arch: 'x86_64', os.version: '10.15.7', java.version: '1.8.0_275'
Driver info: driver.version: AndroidDriver
	at io.appium.java_client.pagefactory.bys.builder.ByChained.findElement(ByChained.java:74)
	at org.openqa.selenium.remote.RemoteWebDriver.findElement(RemoteWebDriver.java:314)
	at io.appium.java_client.DefaultGenericMobileDriver.findElement(DefaultGenericMobileDriver.java:58)
	at io.appium.java_client.AppiumDriver.findElement(AppiumDriver.java:1)
	at io.appium.java_client.android.AndroidDriver.findElement(AndroidDriver.java:1)
	at io.appium.java_client.pagefactory.bys.ContentMappedBy.findElement(ContentMappedBy.java:50)
	at org.openqa.selenium.remote.RemoteWebDriver.findElement(RemoteWebDriver.java:314)
	at io.appium.java_client.DefaultGenericMobileDriver.findElement(DefaultGenericMobileDriver.java:58)
	at io.appium.java_client.AppiumDriver.findElement(AppiumDriver.java:1)
	at io.appium.java_client.android.AndroidDriver.findElement(AndroidDriver.java:1)
	at io.appium.java_client.pagefactory.AppiumElementLocator.lambda$0(AppiumElementLocator.java:120)
	at io.appium.java_client.pagefactory.AppiumElementLocator$WaitingFunction.apply(AppiumElementLocator.java:172)
	at io.appium.java_client.pagefactory.AppiumElementLocator$WaitingFunction.apply(AppiumElementLocator.java:1)
	at org.openqa.selenium.support.ui.FluentWait.until(FluentWait.java:248)
	... 48 more
May 02, 2021 6:09:15 PM io.appium.java_client.remote.AppiumCommandExecutor$1 lambda$0
INFO: Detected dialect: W3C
]]></system-err>
  </testcase>
</testsuite>